Arguments: 
  C:\Program Files\nodejs\node.exe C:\Users\primo\AppData\Roaming\npm\node_modules\yarn\bin\yarn.js init

PATH: 
  C:\Users\primo\bin;C:\Program Files\Git\mingw64\bin;C:\Program Files\Git\usr\local\bin;C:\Program Files\Git\usr\bin;C:\Program Files\Git\usr\bin;C:\Program Files\Git\mingw64\bin;C:\Program Files\Git\usr\bin;C:\Users\primo\bin;C:\Program Files\IBM\SPSS\ModelerSubscription\1.0\ext\bin\spss.TMWBServer\bin;C:\WINDOWS\system32;C:\WINDOWS;C:\WINDOWS\System32\Wbem;C:\WINDOWS\System32\WindowsPowerShell\v1.0;C:\xampp\php;C:\ProgramData\ComposerSetup\bin;C:\WINDOWS\System32\OpenSSH;C:\Program Files\nodejs;C:\Program Files\Microsoft VS Code\bin;C:\Program Files\PuTTY;C:\Program Files\Git\cmd;C:\Users\primo\AppData\Local\Microsoft\WindowsApps;C:\Users\primo\AppData\Roaming\Composer\vendor\bin;C:\Program Files\Microsoft VS Code\bin;C:\Users\primo\AppData\Roaming\npm;C:\Users\primo\AppData\Local\Programs\Microsoft VS Code\bin;C:\Users\primo\AppData\Local\atom\bin;C:\Program Files\Git\usr\bin\vendor_perl;C:\Program Files\Git\usr\bin\core_perl

Yarn version: 
  1.10.1

Node version: 
  10.9.0

Platform: 
  win32 x64

Trace: 
  Error: Can't answer a question unless a user TTY
      at ConsoleReporter.question (C:\Users\primo\AppData\Roaming\npm\node_modules\yarn\lib\cli.js:86893:59)
      at Object.<anonymous> (C:\Users\primo\AppData\Roaming\npm\node_modules\yarn\lib\cli.js:79585:38)
      at Generator.next (<anonymous>)
      at step (C:\Users\primo\AppData\Roaming\npm\node_modules\yarn\lib\cli.js:98:30)
      at C:\Users\primo\AppData\Roaming\npm\node_modules\yarn\lib\cli.js:109:13

npm manifest: 
  No manifest

yarn manifest: 
  No manifest

Lockfile: 
  # THIS IS AN AUTOGENERATED FILE. DO NOT EDIT THIS FILE DIRECTLY.
  # yarn lockfile v1
